<?xml version="1.0" encoding="UTF-8"?>
<!-- Generated by org.testng.reporters.JUnitReportReporter -->
<testsuite hostname="Alberts-MBP.fios-router.home" failures="0" tests="4" name="automaion.test.Question2" time="14.119" errors="0" timestamp="26 Aug 2022 21:56:04 GMT">
  <testcase classname="automaion.test.Question2" name="ConfirmSuccessfullOrdertIsCreated" time="0.037"/>
  <testcase classname="automaion.test.Question2" name="CanUSerAddToCard" time="8.145"/>
  <testcase classname="automaion.test.Question2" name="CanUSerCompleteCheckoutInformation" time="0.439"/>
  <testcase classname="automaion.test.Question2" name="CanUserLogin" time="5.498"/>
</testsuite> <!-- automaion.test.Question2 -->
